<?xml version="1.0" encoding="UTF-8"?>
<!-- Generated by org.testng.reporters.JUnitXMLReporter -->
<testsuite ignored="0" hostname="LAPTOP-NHVRSJT0" failures="2" tests="2" name="TestFour" time="0.152" errors="0" timestamp="2021-02-19T10:12:48 EST">
  <testcase classname="Rpack.FourTest" name="testFour" time="0.021">
    <failure type="java.lang.Error" message="Unresolved compilation problem: 
	The method getExtentReport() is undefined for the type ExtentReporter
">
      <![CDATA[java.lang.Error: Unresolved compilation problem: 
The method getExtentReport() is undefined for the type ExtentReporter

at listeners.Listeners.onTestStart(Listeners.java:21)
at java.base/java.util.ArrayList.forEach(ArrayList.java:1507)
at java.base/java.util.concurrent.FutureTask.run(FutureTask.java:264)
at java.base/java.util.concurrent.ThreadPoolExecutor.runWorker(ThreadPoolExecutor.java:1128)
at java.base/java.util.concurrent.ThreadPoolExecutor$Worker.run(ThreadPoolExecutor.java:628)
at java.base/java.lang.Thread.run(Thread.java:830)
... Removed 15 stack frames]]>
    </failure>
  </testcase> <!-- testFour -->
  <testcase classname="Rpack.FourTest" name="testFour" time="0.091">
    <failure type="java.lang.NullPointerException">
      <![CDATA[java.lang.NullPointerException
at resources.Base.takeScreenshot(Base.java:48)
at listeners.Listeners.onTestFailure(Listeners.java:43)
at java.base/java.util.ArrayList.forEach(ArrayList.java:1507)
at java.base/java.util.concurrent.FutureTask.run(FutureTask.java:264)
at java.base/java.util.concurrent.ThreadPoolExecutor.runWorker(ThreadPoolExecutor.java:1128)
at java.base/java.util.concurrent.ThreadPoolExecutor$Worker.run(ThreadPoolExecutor.java:628)
at java.base/java.lang.Thread.run(Thread.java:830)
... Removed 15 stack frames]]>
    </failure>
  </testcase> <!-- testFour -->
</testsuite> <!-- TestFour -->
